生成启动时间为 2014/6/15 20:21:18。
     1>项目“D:\zdy\Research\GLScene\GLScene\GLScene.vcxproj”在节点 2 上(ClCompile 个目标)。
     1>ClCompile:
         C:\Program Files (x86)\Microsoft Visual Studio 11.0\VC\bin\x86_amd64\CL.exe /c /I.\GeneratedFiles /I. /ID:\zdy\software\Qt\Qt5.2.1\5.2.1\msvc2012_64_opengl\include /I.\GeneratedFiles\Debug /ID:\zdy\software\Qt\Qt5.2.1\5.2.1\msvc2012_64_opengl\include\QtCore /ID:\zdy\software\Qt\Qt5.2.1\5.2.1\msvc2012_64_opengl\include\QtGui /ID:\zdy\software\Qt\Qt5.2.1\5.2.1\msvc2012_64_opengl\include\QtOpenGL /ID:\zdy\software\Qt\Qt5.2.1\5.2.1\msvc2012_64_opengl\include\QtWidgets /ID:\zdy\software\Qt\Qt5.2.1\5.2.1\msvc2012_64_opengl\include\QtXml /Zi /nologo /W1 /WX- /Od /D UNICODE /D WIN32 /D WIN64 /D QT_DLL /D QT_CORE_LIB /D QT_GUI_LIB /D QT_OPENGL_LIB /D QT_WIDGETS_LIB /D QT_XML_LIB /Gm- /EHsc /MDd /GS /fp:precise /Zc:wchar_t- /Zc:forScope /Fo"x64\Debug\\" /Fd"x64\Debug\vc110.pdb" /Gd /TP /errorReport:prompt GeneratedFiles\Debug\moc_qglviewer.cpp
         moc_qglviewer.cpp
     1>GeneratedFiles\Debug\moc_qglviewer.cpp(527): warning C4273: “QGLViewer::qt_static_metacall”: dll 链接不一致
                 d:\zdy\research\glscene\glscene\generatedfiles\debug\../../qglviewer.h(64) : 参见“qt_static_metacall”的前一个定义
     1>GeneratedFiles\Debug\moc_qglviewer.cpp(750): warning C4273: “staticMetaObject”: dll 链接不一致
                 d:\zdy\research\glscene\glscene\generatedfiles\debug\../../qglviewer.h(64) : 参见“public: static QMetaObject const QGLViewer::staticMetaObject”的前一个定义
     1>GeneratedFiles\Debug\moc_qglviewer.cpp(750): error C2491: “QGLViewer::staticMetaObject”: 不允许 dllimport 静态数据成员 的定义
     1>GeneratedFiles\Debug\moc_qglviewer.cpp(757): warning C4273: “QGLViewer::metaObject”: dll 链接不一致
                 d:\zdy\research\glscene\glscene\generatedfiles\debug\../../qglviewer.h(64) : 参见“metaObject”的前一个定义
     1>GeneratedFiles\Debug\moc_qglviewer.cpp(762): warning C4273: “QGLViewer::qt_metacast”: dll 链接不一致
                 d:\zdy\research\glscene\glscene\generatedfiles\debug\../../qglviewer.h(64) : 参见“qt_metacast”的前一个定义
     1>GeneratedFiles\Debug\moc_qglviewer.cpp(770): warning C4273: “QGLViewer::qt_metacall”: dll 链接不一致
                 d:\zdy\research\glscene\glscene\generatedfiles\debug\../../qglviewer.h(64) : 参见“qt_metacall”的前一个定义
     1>GeneratedFiles\Debug\moc_qglviewer.cpp(788): warning C4273: “QGLViewer::viewerInitialized”: dll 链接不一致
                 d:\zdy\research\glscene\glscene\generatedfiles\debug\../../qglviewer.h(640) : 参见“viewerInitialized”的前一个定义
     1>GeneratedFiles\Debug\moc_qglviewer.cpp(794): warning C4273: “QGLViewer::drawNeeded”: dll 链接不一致
                 d:\zdy\research\glscene\glscene\generatedfiles\debug\../../qglviewer.h(646) : 参见“drawNeeded”的前一个定义
     1>GeneratedFiles\Debug\moc_qglviewer.cpp(800): warning C4273: “QGLViewer::drawFinished”: dll 链接不一致
                 d:\zdy\research\glscene\glscene\generatedfiles\debug\../../qglviewer.h(659) : 参见“drawFinished”的前一个定义
     1>GeneratedFiles\Debug\moc_qglviewer.cpp(807): warning C4273: “QGLViewer::animateNeeded”: dll 链接不一致
                 d:\zdy\research\glscene\glscene\generatedfiles\debug\../../qglviewer.h(664) : 参见“animateNeeded”的前一个定义
     1>GeneratedFiles\Debug\moc_qglviewer.cpp(813): warning C4273: “QGLViewer::helpRequired”: dll 链接不一致
                 d:\zdy\research\glscene\glscene\generatedfiles\debug\../../qglviewer.h(669) : 参见“helpRequired”的前一个定义
     1>GeneratedFiles\Debug\moc_qglviewer.cpp(819): warning C4273: “QGLViewer::axisIsDrawnChanged”: dll 链接不一致
                 d:\zdy\research\glscene\glscene\generatedfiles\debug\../../qglviewer.h(672) : 参见“axisIsDrawnChanged”的前一个定义
     1>GeneratedFiles\Debug\moc_qglviewer.cpp(826): warning C4273: “QGLViewer::gridIsDrawnChanged”: dll 链接不一致
                 d:\zdy\research\glscene\glscene\generatedfiles\debug\../../qglviewer.h(674) : 参见“gridIsDrawnChanged”的前一个定义
     1>GeneratedFiles\Debug\moc_qglviewer.cpp(833): warning C4273: “QGLViewer::FPSIsDisplayedChanged”: dll 链接不一致
                 d:\zdy\research\glscene\glscene\generatedfiles\debug\../../qglviewer.h(676) : 参见“FPSIsDisplayedChanged”的前一个定义
     1>GeneratedFiles\Debug\moc_qglviewer.cpp(840): warning C4273: “QGLViewer::textIsEnabledChanged”: dll 链接不一致
                 d:\zdy\research\glscene\glscene\generatedfiles\debug\../../qglviewer.h(678) : 参见“textIsEnabledChanged”的前一个定义
     1>GeneratedFiles\Debug\moc_qglviewer.cpp(847): warning C4273: “QGLViewer::cameraIsEditedChanged”: dll 链接不一致
                 d:\zdy\research\glscene\glscene\generatedfiles\debug\../../qglviewer.h(680) : 参见“cameraIsEditedChanged”的前一个定义
     1>GeneratedFiles\Debug\moc_qglviewer.cpp(854): warning C4273: “QGLViewer::stereoChanged”: dll 链接不一致
                 d:\zdy\research\glscene\glscene\generatedfiles\debug\../../qglviewer.h(682) : 参见“stereoChanged”的前一个定义
     1>GeneratedFiles\Debug\moc_qglviewer.cpp(861): warning C4273: “QGLViewer::pointSelected”: dll 链接不一致
                 d:\zdy\research\glscene\glscene\generatedfiles\debug\../../qglviewer.h(687) : 参见“pointSelected”的前一个定义
     1>GeneratedFiles\Debug\moc_qglviewer.cpp(868): warning C4273: “QGLViewer::mouseGrabberChanged”: dll 链接不一致
                 d:\zdy\research\glscene\glscene\generatedfiles\debug\../../qglviewer.h(693) : 参见“mouseGrabberChanged”的前一个定义
     1>已完成生成项目“D:\zdy\Research\GLScene\GLScene\GLScene.vcxproj”(ClCompile 个目标)的操作 - 失败。

生成失败。

已用时间 00:00:01.71
