D:\RESEARCH\GLSCENE\GLSCENE\X64\RELEASE\MAIN.OBJ
D:\RESEARCH\GLSCENE\GLSCENE\X64\RELEASE\GLSCENE.OBJ
D:\RESEARCH\GLSCENE\GLSCENE\X64\RELEASE\MOC_GLSCENE.OBJ
D:\RESEARCH\GLSCENE\GLSCENE\GENERATEDFILES\RELEASE\MOC_GLSCENE.CPP
D:\RESEARCH\GLSCENE\X64\RELEASE\GLSCENE.EXE
D:\Research\GLScene\GLScene\x64\Release\glscene.obj
D:\Research\GLScene\GLScene\x64\Release\main.obj
D:\Research\GLScene\GLScene\x64\Release\moc_glscene.obj
D:\Research\GLScene\GLScene\x64\Release\cl.command.1.tlog
D:\Research\GLScene\GLScene\x64\Release\CL.read.1.tlog
D:\Research\GLScene\GLScene\x64\Release\CL.write.1.tlog
D:\Research\GLScene\GLScene\x64\Release\custombuild.command.1.tlog
D:\Research\GLScene\GLScene\x64\Release\custombuild.read.1.tlog
D:\Research\GLScene\GLScene\x64\Release\custombuild.write.1.tlog
D:\Research\GLScene\GLScene\x64\Release\link-cvtres.read.1.tlog
D:\Research\GLScene\GLScene\x64\Release\link-cvtres.write.1.tlog
D:\Research\GLScene\GLScene\x64\Release\link-rc.read.1.tlog
D:\Research\GLScene\GLScene\x64\Release\link-rc.write.1.tlog
D:\Research\GLScene\GLScene\x64\Release\link.command.1.tlog
D:\Research\GLScene\GLScene\x64\Release\link.read.1.tlog
D:\Research\GLScene\GLScene\x64\Release\link.write.1.tlog
D:\Research\GLScene\x64\Release\GLScene.exe
