生成启动时间为 2014/6/15 19:07:02。
     1>项目“D:\zdy\Research\GLScene\GLScene\GLScene.vcxproj”在节点 2 上(Build 个目标)。
     1>CustomBuild:
         Moc'ing glscene.h...
         Rcc'ing glscene.qrc...
     1>RCC : warning : No resources in 'D:\zdy\Research\GLScene\GLScene\glscene.qrc'.
         
       ClCompile:
         C:\Program Files (x86)\Microsoft Visual Studio 11.0\VC\bin\CL.exe /c /I.\GeneratedFiles /I. /ID:\zdy\software\Qt\Qt5.2.1\5.2.1\msvc2012_64_opengl\include /I.\GeneratedFiles\Debug /ID:\zdy\software\Qt\Qt5.2.1\5.2.1\msvc2012_64_opengl\include\QtCore /ID:\zdy\software\Qt\Qt5.2.1\5.2.1\msvc2012_64_opengl\include\QtGui /ID:\zdy\software\Qt\Qt5.2.1\5.2.1\msvc2012_64_opengl\include\QtOpenGL /ID:\zdy\software\Qt\Qt5.2.1\5.2.1\msvc2012_64_opengl\include\QtWidgets /ID:\zdy\software\OpenCV\opencv\build\include /Zi /nologo /W1 /WX- /Od /Oy- /D UNICODE /D WIN32 /D WIN64 /D QT_DLL /D QT_CORE_LIB /D QT_GUI_LIB /D QT_OPENGL_LIB /D QT_WIDGETS_LIB /Gm- /EHsc /MDd /GS /fp:precise /Zc:wchar_t- /Zc:forScope /Fo"Debug\\" /Fd"Debug\vc110.pdb" /Gd /TP /analyze- /errorReport:prompt GeneratedFiles\Debug\moc_glscene.cpp glscene.cpp main.cpp
         moc_glscene.cpp
         glscene.cpp
         main.cpp
         正在生成代码...
         C:\Program Files (x86)\Microsoft Visual Studio 11.0\VC\bin\CL.exe /c /I.\GeneratedFiles /I. /ID:\zdy\software\Qt\Qt5.2.1\5.2.1\msvc2012_64_opengl\include /I.\GeneratedFiles\Debug /ID:\zdy\software\Qt\Qt5.2.1\5.2.1\msvc2012_64_opengl\include\QtCore /ID:\zdy\software\Qt\Qt5.2.1\5.2.1\msvc2012_64_opengl\include\QtGui /ID:\zdy\software\Qt\Qt5.2.1\5.2.1\msvc2012_64_opengl\include\QtOpenGL /ID:\zdy\software\Qt\Qt5.2.1\5.2.1\msvc2012_64_opengl\include\QtWidgets /ID:\zdy\software\OpenCV\opencv\build\include /Zi /nologo /W1 /WX- /Od /Oy- /D UNICODE /D WIN32 /D WIN64 /D QT_DLL /D QT_CORE_LIB /D QT_GUI_LIB /D QT_OPENGL_LIB /D QT_WIDGETS_LIB /Gm- /EHsc /MDd /GS /fp:precise /Zc:wchar_t- /Zc:forScope /Fo"Debug\\" /Fd"Debug\vc110.pdb" /Gd /TP /analyze- /errorReport:prompt GeneratedFiles\qrc_glscene.cpp
         qrc_glscene.cpp
       Link:
         C:\Program Files (x86)\Microsoft Visual Studio 11.0\VC\bin\link.exe /ERRORREPORT:PROMPT /OUT:"D:\zdy\Research\GLScene\Win32\Debug\\GLScene.exe" /NOLOGO /LIBPATH:D:\zdy\software\Qt\Qt5.2.1\5.2.1\msvc2012_64_opengl\lib qtmaind.lib Qt5Cored.lib Qt5Guid.lib Qt5OpenGLd.lib opengl32.lib glu32.lib Qt5Widgetsd.lib kernel32.lib user32.lib gdi32.lib winspool.lib comdlg32.lib advapi32.lib shell32.lib ole32.lib oleaut32.lib uuid.lib odbc32.lib odbccp32.lib /MANIFEST /MANIFESTUAC:"level='asInvoker' uiAccess='false'" /manifest:embed /DEBUG /PDB:"D:\zdy\Research\GLScene\Win32\Debug\GLScene.pdb" /SUBSYSTEM:WINDOWS /TLBID:1 /DYNAMICBASE /NXCOMPAT /IMPLIB:"D:\zdy\Research\GLScene\Win32\Debug\GLScene.lib" /MACHINE:X86 /SAFESEH Debug\moc_glscene.obj
         Debug\qrc_glscene.obj
         Debug\glscene.obj
         Debug\main.obj
     1>Qt5Widgetsd.lib(Qt5Widgetsd.dll) : fatal error LNK1112: 模块计算机类型“x64”与目标计算机类型“X86”冲突
     1>已完成生成项目“D:\zdy\Research\GLScene\GLScene\GLScene.vcxproj”(Build 个目标)的操作 - 失败。

生成失败。

已用时间 00:00:07.92
